This file contains any messages produced by compilers while
running configure, to aid debugging if configure makes a mistake.

It was created by pacman configure 0.1, which was
generated by GNU Autoconf 2.69.  Invocation command line was

  $ ./configure --no-create --no-recursion

## --------- ##
## Platform. ##
## --------- ##

hostname = hera
uname -m = x86_64
uname -r = 3.18.9-gentoo
uname -s = Linux
uname -v = #1 SMP Mon Mar 23 08:49:04 CET 2015

/usr/bin/uname -p = AMD Turion(tm) 64 X2 Mobile Technology TL-58
/bin/uname -X     = unknown

/bin/arch              = unknown
/usr/bin/arch -k       = unknown
/usr/convex/getsysinfo = unknown
/usr/bin/hostinfo      = unknown
/bin/machine           = unknown
/usr/bin/oslevel       = unknown
/bin/universe          = unknown

PATH: /usr/local/bin
PATH: /usr/bin
PATH: /bin
PATH: /opt/bin
PATH: /usr/x86_64-pc-linux-gnu/gcc-bin/4.8.3
PATH: /usr/games/bin


## ----------- ##
## Core tests. ##
## ----------- ##

configure:2300: checking for a BSD-compatible install
configure:2368: result: /usr/bin/install -c
configure:2379: checking whether build environment is sane
configure:2434: result: yes
configure:2585: checking for a thread-safe mkdir -p
configure:2624: result: /bin/mkdir -p
configure:2631: checking for gawk
configure:2647: found /usr/bin/gawk
configure:2658: result: gawk
configure:2669: checking whether make sets $(MAKE)
configure:2691: result: yes
configure:2720: checking whether make supports nested variables
configure:2737: result: yes
configure:2884: checking for g++
configure:2900: found /usr/bin/g++
configure:2911: result: g++
configure:2938: checking for C++ compiler version
configure:2947: g++ --version >&5
g++ (Gentoo 4.8.3 p1.1, pie-0.5.9) 4.8.3
Copyright (C) 2013 Free Software Foundation, Inc.
This is free software; see the source for copying conditions.  There is NO
warranty; not even for MERCHANTABILITY or FITNESS FOR A PARTICULAR PURPOSE.

configure:2958: $? = 0
configure:2947: g++ -v >&5
Using built-in specs.
COLLECT_GCC=/usr/x86_64-pc-linux-gnu/gcc-bin/4.8.3/g++
COLLECT_LTO_WRAPPER=/usr/libexec/gcc/x86_64-pc-linux-gnu/4.8.3/lto-wrapper
Target: x86_64-pc-linux-gnu
Configured with: /var/tmp/portage/sys-devel/gcc-4.8.3/work/gcc-4.8.3/configure --host=x86_64-pc-linux-gnu --build=x86_64-pc-linux-gnu --prefix=/usr --bindir=/usr/x86_64-pc-linux-gnu/gcc-bin/4.8.3 --includedir=/usr/lib/gcc/x86_64-pc-linux-gnu/4.8.3/include --datadir=/usr/share/gcc-data/x86_64-pc-linux-gnu/4.8.3 --mandir=/usr/share/gcc-data/x86_64-pc-linux-gnu/4.8.3/man --infodir=/usr/share/gcc-data/x86_64-pc-linux-gnu/4.8.3/info --with-gxx-include-dir=/usr/lib/gcc/x86_64-pc-linux-gnu/4.8.3/include/g++-v4 --with-python-dir=/share/gcc-data/x86_64-pc-linux-gnu/4.8.3/python --enable-languages=c,c++,fortran --enable-obsolete --enable-secureplt --disable-werror --with-system-zlib --enable-nls --without-included-gettext --enable-checking=release --with-bugurl=https://bugs.gentoo.org/ --with-pkgversion='Gentoo 4.8.3 p1.1, pie-0.5.9' --enable-libstdcxx-time --enable-linker-build-id --enable-shared --enable-threads=posix --enable-__cxa_atexit --enable-clocale=gnu --enable-multilib --with-multilib-list=m32,m64 --disable-altivec --disable-fixed-point --enable-targets=all --disable-libgcj --enable-libgomp --disable-libmudflap --disable-libssp --enable-lto --without-cloog --enable-libsanitizer
Thread model: posix
gcc version 4.8.3 (Gentoo 4.8.3 p1.1, pie-0.5.9) 
configure:2958: $? = 0
configure:2947: g++ -V >&5
g++: error: unrecognized command line option '-V'
g++: fatal error: no input files
compilation terminated.
configure:2958: $? = 1
configure:2947: g++ -qversion >&5
g++: error: unrecognized command line option '-qversion'
g++: fatal error: no input files
compilation terminated.
configure:2958: $? = 1
configure:2978: checking whether the C++ compiler works
configure:3000: g++    conftest.cpp  >&5
configure:3004: $? = 0
configure:3052: result: yes
configure:3055: checking for C++ compiler default output file name
configure:3057: result: a.out
configure:3063: checking for suffix of executables
configure:3070: g++ -o conftest    conftest.cpp  >&5
configure:3074: $? = 0
configure:3096: result: 
configure:3118: checking whether we are cross compiling
configure:3126: g++ -o conftest    conftest.cpp  >&5
configure:3130: $? = 0
configure:3137: ./conftest
configure:3141: $? = 0
configure:3156: result: no
configure:3161: checking for suffix of object files
configure:3183: g++ -c   conftest.cpp >&5
configure:3187: $? = 0
configure:3208: result: o
configure:3212: checking whether we are using the GNU C++ compiler
configure:3231: g++ -c   conftest.cpp >&5
configure:3231: $? = 0
configure:3240: result: yes
configure:3249: checking whether g++ accepts -g
configure:3269: g++ -c -g  conftest.cpp >&5
configure:3269: $? = 0
configure:3310: result: yes
configure:3344: checking for style of include used by make
configure:3372: result: GNU
configure:3398: checking dependency style of g++
configure:3509: result: gcc3
configure:3528: checking for gawk
configure:3555: result: gawk
configure:3614: checking for gcc
configure:3630: found /usr/bin/gcc
configure:3641: result: gcc
configure:3870: checking for C compiler version
configure:3879: gcc --version >&5
gcc (Gentoo 4.8.3 p1.1, pie-0.5.9) 4.8.3
Copyright (C) 2013 Free Software Foundation, Inc.
This is free software; see the source for copying conditions.  There is NO
warranty; not even for MERCHANTABILITY or FITNESS FOR A PARTICULAR PURPOSE.

configure:3890: $? = 0
configure:3879: gcc -v >&5
Using built-in specs.
COLLECT_GCC=/usr/x86_64-pc-linux-gnu/gcc-bin/4.8.3/gcc
COLLECT_LTO_WRAPPER=/usr/libexec/gcc/x86_64-pc-linux-gnu/4.8.3/lto-wrapper
Target: x86_64-pc-linux-gnu
Configured with: /var/tmp/portage/sys-devel/gcc-4.8.3/work/gcc-4.8.3/configure --host=x86_64-pc-linux-gnu --build=x86_64-pc-linux-gnu --prefix=/usr --bindir=/usr/x86_64-pc-linux-gnu/gcc-bin/4.8.3 --includedir=/usr/lib/gcc/x86_64-pc-linux-gnu/4.8.3/include --datadir=/usr/share/gcc-data/x86_64-pc-linux-gnu/4.8.3 --mandir=/usr/share/gcc-data/x86_64-pc-linux-gnu/4.8.3/man --infodir=/usr/share/gcc-data/x86_64-pc-linux-gnu/4.8.3/info --with-gxx-include-dir=/usr/lib/gcc/x86_64-pc-linux-gnu/4.8.3/include/g++-v4 --with-python-dir=/share/gcc-data/x86_64-pc-linux-gnu/4.8.3/python --enable-languages=c,c++,fortran --enable-obsolete --enable-secureplt --disable-werror --with-system-zlib --enable-nls --without-included-gettext --enable-checking=release --with-bugurl=https://bugs.gentoo.org/ --with-pkgversion='Gentoo 4.8.3 p1.1, pie-0.5.9' --enable-libstdcxx-time --enable-linker-build-id --enable-shared --enable-threads=posix --enable-__cxa_atexit --enable-clocale=gnu --enable-multilib --with-multilib-list=m32,m64 --disable-altivec --disable-fixed-point --enable-targets=all --disable-libgcj --enable-libgomp --disable-libmudflap --disable-libssp --enable-lto --without-cloog --enable-libsanitizer
Thread model: posix
gcc version 4.8.3 (Gentoo 4.8.3 p1.1, pie-0.5.9) 
configure:3890: $? = 0
configure:3879: gcc -V >&5
gcc: error: unrecognized command line option '-V'
gcc: fatal error: no input files
compilation terminated.
configure:3890: $? = 1
configure:3879: gcc -qversion >&5
gcc: error: unrecognized command line option '-qversion'
gcc: fatal error: no input files
compilation terminated.
configure:3890: $? = 1
configure:3894: checking whether we are using the GNU C compiler
configure:3913: gcc -c   conftest.c >&5
configure:3913: $? = 0
configure:3922: result: yes
configure:3931: checking whether gcc accepts -g
configure:3951: gcc -c -g  conftest.c >&5
configure:3951: $? = 0
configure:3992: result: yes
configure:4009: checking for gcc option to accept ISO C89
configure:4072: gcc  -c -g -O2  conftest.c >&5
configure:4072: $? = 0
configure:4085: result: none needed
configure:4107: checking dependency style of gcc
configure:4218: result: gcc3
configure:4238: checking how to run the C preprocessor
configure:4269: gcc -E  conftest.c
configure:4269: $? = 0
configure:4283: gcc -E  conftest.c
conftest.c:11:28: fatal error: ac_nonexistent.h: No such file or directory
 #include <ac_nonexistent.h>
                            ^
compilation terminated.
configure:4283: $? = 1
configure: failed program was:
| /* confdefs.h */
| #define PACKAGE_NAME "pacman"
| #define PACKAGE_TARNAME "pacman"
| #define PACKAGE_VERSION "0.1"
| #define PACKAGE_STRING "pacman 0.1"
| #define PACKAGE_BUGREPORT ""
| #define PACKAGE_URL ""
| #define PACKAGE "pacman"
| #define VERSION "0.1"
| /* end confdefs.h.  */
| #include <ac_nonexistent.h>
configure:4308: result: gcc -E
configure:4328: gcc -E  conftest.c
configure:4328: $? = 0
configure:4342: gcc -E  conftest.c
conftest.c:11:28: fatal error: ac_nonexistent.h: No such file or directory
 #include <ac_nonexistent.h>
                            ^
compilation terminated.
configure:4342: $? = 1
configure: failed program was:
| /* confdefs.h */
| #define PACKAGE_NAME "pacman"
| #define PACKAGE_TARNAME "pacman"
| #define PACKAGE_VERSION "0.1"
| #define PACKAGE_STRING "pacman 0.1"
| #define PACKAGE_BUGREPORT ""
| #define PACKAGE_URL ""
| #define PACKAGE "pacman"
| #define VERSION "0.1"
| /* end confdefs.h.  */
| #include <ac_nonexistent.h>
configure:4371: checking whether ln -s works
configure:4375: result: yes
configure:4382: checking whether make sets $(MAKE)
configure:4404: result: yes
configure:4456: checking for ranlib
configure:4472: found /usr/bin/ranlib
configure:4483: result: ranlib
configure:4552: checking for sdl-config
configure:4570: found /usr/bin/sdl-config
configure:4583: result: /usr/bin/sdl-config
configure:4593: checking for SDL - version >= 1.2.0
configure:4680: gcc -o conftest -g -O2 -I/usr/include/SDL -D_GNU_SOURCE=1 -D_REENTRANT   conftest.c  -lSDL -lpthread >&5
configure:4680: $? = 0
configure:4680: ./conftest
configure:4680: $? = 0
configure:4695: result: yes
configure:4766: checking for main in -lSDL_image
configure:4785: gcc -o conftest -g -O2   conftest.c -lSDL_image   >&5
configure:4785: $? = 0
configure:4794: result: yes
configure:4808: checking for main in -lSDL_ttf
configure:4827: gcc -o conftest -g -O2   conftest.c -lSDL_ttf  -lSDL_image  >&5
configure:4827: $? = 0
configure:4836: result: yes
configure:4852: checking for grep that handles long lines and -e
configure:4910: result: /bin/grep
configure:4915: checking for egrep
configure:4977: result: /bin/grep -E
configure:4982: checking for ANSI C header files
configure:5002: gcc -c -g -O2  conftest.c >&5
configure:5002: $? = 0
configure:5075: gcc -o conftest -g -O2   conftest.c -lSDL_ttf -lSDL_image  >&5
configure:5075: $? = 0
configure:5075: ./conftest
configure:5075: $? = 0
configure:5086: result: yes
configure:5099: checking for sys/types.h
configure:5099: gcc -c -g -O2  conftest.c >&5
configure:5099: $? = 0
configure:5099: result: yes
configure:5099: checking for sys/stat.h
configure:5099: gcc -c -g -O2  conftest.c >&5
configure:5099: $? = 0
configure:5099: result: yes
configure:5099: checking for stdlib.h
configure:5099: gcc -c -g -O2  conftest.c >&5
configure:5099: $? = 0
configure:5099: result: yes
configure:5099: checking for string.h
configure:5099: gcc -c -g -O2  conftest.c >&5
configure:5099: $? = 0
configure:5099: result: yes
configure:5099: checking for memory.h
configure:5099: gcc -c -g -O2  conftest.c >&5
configure:5099: $? = 0
configure:5099: result: yes
configure:5099: checking for strings.h
configure:5099: gcc -c -g -O2  conftest.c >&5
configure:5099: $? = 0
configure:5099: result: yes
configure:5099: checking for inttypes.h
configure:5099: gcc -c -g -O2  conftest.c >&5
configure:5099: $? = 0
configure:5099: result: yes
configure:5099: checking for stdint.h
configure:5099: gcc -c -g -O2  conftest.c >&5
configure:5099: $? = 0
configure:5099: result: yes
configure:5099: checking for unistd.h
configure:5099: gcc -c -g -O2  conftest.c >&5
configure:5099: $? = 0
configure:5099: result: yes
configure:5113: checking for stdlib.h
configure:5113: result: yes
configure:5125: checking for stdbool.h that conforms to C99
configure:5192: gcc -c -g -O2  conftest.c >&5
configure:5192: $? = 0
configure:5199: result: yes
configure:5201: checking for _Bool
configure:5201: gcc -c -g -O2  conftest.c >&5
configure:5201: $? = 0
configure:5201: gcc -c -g -O2  conftest.c >&5
conftest.c: In function 'main':
conftest.c:60:20: error: expected expression before ')' token
 if (sizeof ((_Bool)))
                    ^
configure:5201: $? = 1
configure: failed program was:
| /* confdefs.h */
| #define PACKAGE_NAME "pacman"
| #define PACKAGE_TARNAME "pacman"
| #define PACKAGE_VERSION "0.1"
| #define PACKAGE_STRING "pacman 0.1"
| #define PACKAGE_BUGREPORT ""
| #define PACKAGE_URL ""
| #define PACKAGE "pacman"
| #define VERSION "0.1"
| #define HAVE_LIBSDL_IMAGE 1
| #define HAVE_LIBSDL_TTF 1
| #define STDC_HEADERS 1
| #define HAVE_SYS_TYPES_H 1
| #define HAVE_SYS_STAT_H 1
| #define HAVE_STDLIB_H 1
| #define HAVE_STRING_H 1
| #define HAVE_MEMORY_H 1
| #define HAVE_STRINGS_H 1
| #define HAVE_INTTYPES_H 1
| #define HAVE_STDINT_H 1
| #define HAVE_UNISTD_H 1
| #define HAVE_STDLIB_H 1
| /* end confdefs.h.  */
| #include <stdio.h>
| #ifdef HAVE_SYS_TYPES_H
| # include <sys/types.h>
| #endif
| #ifdef HAVE_SYS_STAT_H
| # include <sys/stat.h>
| #endif
| #ifdef STDC_HEADERS
| # include <stdlib.h>
| # include <stddef.h>
| #else
| # ifdef HAVE_STDLIB_H
| #  include <stdlib.h>
| # endif
| #endif
| #ifdef HAVE_STRING_H
| # if !defined STDC_HEADERS && defined HAVE_MEMORY_H
| #  include <memory.h>
| # endif
| # include <string.h>
| #endif
| #ifdef HAVE_STRINGS_H
| # include <strings.h>
| #endif
| #ifdef HAVE_INTTYPES_H
| # include <inttypes.h>
| #endif
| #ifdef HAVE_STDINT_H
| # include <stdint.h>
| #endif
| #ifdef HAVE_UNISTD_H
| # include <unistd.h>
| #endif
| int
| main ()
| {
| if (sizeof ((_Bool)))
| 	    return 0;
|   ;
|   return 0;
| }
configure:5201: result: yes
configure:5216: checking for atexit
configure:5216: gcc -o conftest -g -O2   conftest.c -lSDL_ttf -lSDL_image  >&5
configure:5216: $? = 0
configure:5216: result: yes
configure:5337: checking that generated files are newer than configure
configure:5343: result: done
configure:5370: creating ./config.status

## ---------------- ##
## Cache variables. ##
## ---------------- ##

ac_cv_c_compiler_gnu=yes
ac_cv_cxx_compiler_gnu=yes
ac_cv_env_CCC_set=
ac_cv_env_CCC_value=
ac_cv_env_CC_set=
ac_cv_env_CC_value=
ac_cv_env_CFLAGS_set=
ac_cv_env_CFLAGS_value=
ac_cv_env_CPPFLAGS_set=
ac_cv_env_CPPFLAGS_value=
ac_cv_env_CPP_set=
ac_cv_env_CPP_value=
ac_cv_env_CXXFLAGS_set=
ac_cv_env_CXXFLAGS_value=
ac_cv_env_CXX_set=
ac_cv_env_CXX_value=
ac_cv_env_LDFLAGS_set=
ac_cv_env_LDFLAGS_value=
ac_cv_env_LIBS_set=
ac_cv_env_LIBS_value=
ac_cv_env_build_alias_set=
ac_cv_env_build_alias_value=
ac_cv_env_host_alias_set=
ac_cv_env_host_alias_value=
ac_cv_env_target_alias_set=
ac_cv_env_target_alias_value=
ac_cv_func_atexit=yes
ac_cv_header_inttypes_h=yes
ac_cv_header_memory_h=yes
ac_cv_header_stdbool_h=yes
ac_cv_header_stdc=yes
ac_cv_header_stdint_h=yes
ac_cv_header_stdlib_h=yes
ac_cv_header_string_h=yes
ac_cv_header_strings_h=yes
ac_cv_header_sys_stat_h=yes
ac_cv_header_sys_types_h=yes
ac_cv_header_unistd_h=yes
ac_cv_lib_SDL_image_main=yes
ac_cv_lib_SDL_ttf_main=yes
ac_cv_objext=o
ac_cv_path_EGREP='/bin/grep -E'
ac_cv_path_GREP=/bin/grep
ac_cv_path_SDL_CONFIG=/usr/bin/sdl-config
ac_cv_path_install='/usr/bin/install -c'
ac_cv_path_mkdir=/bin/mkdir
ac_cv_prog_AWK=gawk
ac_cv_prog_CPP='gcc -E'
ac_cv_prog_ac_ct_CC=gcc
ac_cv_prog_ac_ct_CXX=g++
ac_cv_prog_ac_ct_RANLIB=ranlib
ac_cv_prog_cc_c89=
ac_cv_prog_cc_g=yes
ac_cv_prog_cxx_g=yes
ac_cv_prog_make_make_set=yes
ac_cv_type__Bool=yes
am_cv_CC_dependencies_compiler_type=gcc3
am_cv_CXX_dependencies_compiler_type=gcc3
am_cv_make_support_nested_variables=yes

## ----------------- ##
## Output variables. ##
## ----------------- ##

ACLOCAL='${SHELL} /home/daniel/Programmierung/c/pacman/missing aclocal-1.13'
AMDEPBACKSLASH='\'
AMDEP_FALSE='#'
AMDEP_TRUE=''
AMTAR='$${TAR-tar}'
AM_BACKSLASH='\'
AM_DEFAULT_V='$(AM_DEFAULT_VERBOSITY)'
AM_DEFAULT_VERBOSITY='1'
AM_V='$(V)'
AUTOCONF='${SHELL} /home/daniel/Programmierung/c/pacman/missing autoconf'
AUTOHEADER='${SHELL} /home/daniel/Programmierung/c/pacman/missing autoheader'
AUTOMAKE='${SHELL} /home/daniel/Programmierung/c/pacman/missing automake-1.13'
AWK='gawk'
CC='gcc'
CCDEPMODE='depmode=gcc3'
CFLAGS='-g -O2'
CPP='gcc -E'
CPPFLAGS=''
CXX='g++'
CXXDEPMODE='depmode=gcc3'
CXXFLAGS='-g -O2'
CYGPATH_W='echo'
DEFS='-DHAVE_CONFIG_H'
DEPDIR='.deps'
ECHO_C=''
ECHO_N='-n'
ECHO_T=''
EGREP='/bin/grep -E'
EXEEXT=''
GREP='/bin/grep'
INSTALL_DATA='${INSTALL} -m 644'
INSTALL_PROGRAM='${INSTALL}'
INSTALL_SCRIPT='${INSTALL}'
INSTALL_STRIP_PROGRAM='$(install_sh) -c -s'
LDFLAGS=''
LIBOBJS=''
LIBS='-lSDL_ttf -lSDL_image '
LN_S='ln -s'
LTLIBOBJS=''
MAKEINFO='${SHELL} /home/daniel/Programmierung/c/pacman/missing makeinfo'
MKDIR_P='/bin/mkdir -p'
OBJEXT='o'
PACKAGE='pacman'
PACKAGE_BUGREPORT=''
PACKAGE_NAME='pacman'
PACKAGE_STRING='pacman 0.1'
PACKAGE_TARNAME='pacman'
PACKAGE_URL=''
PACKAGE_VERSION='0.1'
PATH_SEPARATOR=':'
RANLIB='ranlib'
SDL_CFLAGS='-I/usr/include/SDL -D_GNU_SOURCE=1 -D_REENTRANT'
SDL_CONFIG='/usr/bin/sdl-config'
SDL_LIBS='-lSDL -lpthread'
SET_MAKE=''
SHELL='/bin/sh'
STRIP=''
VERSION='0.1'
ac_ct_CC='gcc'
ac_ct_CXX='g++'
am__EXEEXT_FALSE=''
am__EXEEXT_TRUE='#'
am__fastdepCC_FALSE='#'
am__fastdepCC_TRUE=''
am__fastdepCXX_FALSE='#'
am__fastdepCXX_TRUE=''
am__include='include'
am__isrc=''
am__leading_dot='.'
am__nodep='_no'
am__quote=''
am__tar='$${TAR-tar} chof - "$$tardir"'
am__untar='$${TAR-tar} xf -'
bindir='${exec_prefix}/bin'
build_alias=''
datadir='${datarootdir}'
datarootdir='${prefix}/share'
docdir='${datarootdir}/doc/${PACKAGE_TARNAME}'
dvidir='${docdir}'
exec_prefix='${prefix}'
host_alias=''
htmldir='${docdir}'
includedir='${prefix}/include'
infodir='${datarootdir}/info'
install_sh='${SHELL} /home/daniel/Programmierung/c/pacman/install-sh'
libdir='${exec_prefix}/lib'
libexecdir='${exec_prefix}/libexec'
localedir='${datarootdir}/locale'
localstatedir='${prefix}/var'
mandir='${datarootdir}/man'
mkdir_p='$(MKDIR_P)'
oldincludedir='/usr/include'
pdfdir='${docdir}'
prefix='/usr/local'
program_transform_name='s,x,x,'
psdir='${docdir}'
sbindir='${exec_prefix}/sbin'
sharedstatedir='${prefix}/com'
sysconfdir='${prefix}/etc'
target_alias=''

## ----------- ##
## confdefs.h. ##
## ----------- ##

/* confdefs.h */
#define PACKAGE_NAME "pacman"
#define PACKAGE_TARNAME "pacman"
#define PACKAGE_VERSION "0.1"
#define PACKAGE_STRING "pacman 0.1"
#define PACKAGE_BUGREPORT ""
#define PACKAGE_URL ""
#define PACKAGE "pacman"
#define VERSION "0.1"
#define HAVE_LIBSDL_IMAGE 1
#define HAVE_LIBSDL_TTF 1
#define STDC_HEADERS 1
#define HAVE_SYS_TYPES_H 1
#define HAVE_SYS_STAT_H 1
#define HAVE_STDLIB_H 1
#define HAVE_STRING_H 1
#define HAVE_MEMORY_H 1
#define HAVE_STRINGS_H 1
#define HAVE_INTTYPES_H 1
#define HAVE_STDINT_H 1
#define HAVE_UNISTD_H 1
#define HAVE_STDLIB_H 1
#define HAVE__BOOL 1
#define HAVE_ATEXIT 1

configure: exit 0

## ---------------------- ##
## Running config.status. ##
## ---------------------- ##

This file was extended by pacman config.status 0.1, which was
generated by GNU Autoconf 2.69.  Invocation command line was

  CONFIG_FILES    = 
  CONFIG_HEADERS  = 
  CONFIG_LINKS    = 
  CONFIG_COMMANDS = 
  $ ./config.status 

on hera

config.status:872: creating Makefile
config.status:872: creating data/Makefile
config.status:872: creating data/fonts/Makefile
config.status:872: creating data/gfx/Makefile
config.status:872: creating src/Makefile
config.status:872: creating config.h
config.status:1053: config.h is unchanged
config.status:1101: executing depfiles commands

## ---------------------- ##
## Running config.status. ##
## ---------------------- ##

This file was extended by pacman config.status 0.1, which was
generated by GNU Autoconf 2.69.  Invocation command line was

  CONFIG_FILES    = 
  CONFIG_HEADERS  = 
  CONFIG_LINKS    = 
  CONFIG_COMMANDS = 
  $ ./config.status config.h

on hera

config.status:872: creating config.h
config.status:1053: config.h is unchanged

## ---------------------- ##
## Running config.status. ##
## ---------------------- ##

This file was extended by pacman config.status 0.1, which was
generated by GNU Autoconf 2.69.  Invocation command line was

  CONFIG_FILES    = 
  CONFIG_HEADERS  = 
  CONFIG_LINKS    = 
  CONFIG_COMMANDS = 
  $ ./config.status Makefile

on hera

config.status:872: creating Makefile
